
                                      ARENA Simulation Results
                                     Shaik - License: 7328734345

                                  Summary for Replication 1 of 1

Project: Unnamed Project                                             Run execution date : 2/ 7/2021
Analyst: Rockwell Automation                                         Model revision date: 2/ 7/2021

Replication ended at time      : 30.0 Hours 
Base Time Units: Hours

                                           TALLY VARIABLES

Identifier                                  Average   Half Width  Minimum    Maximum   Observations
___________________________________________________________________________________________________

Entity 1.VATime                             .10814     (Insuf)    .08347     .13327        243    
Entity 1.NVATime                            .00000     (Insuf)    .00000     .00000        243    
Entity 1.WaitTime                           .28774     (Insuf)    .00000     .87268        243    
Entity 1.TranTime                           .00000     (Insuf)    .00000     .00000        243    
Entity 1.OtherTime                          .00000     (Insuf)    .00000     .00000        243    
Entity 1.TotalTime                          .39588     (Insuf)    .08737     1.0004        243    
both.Queue.WaitingTime                      .15836     (Insuf)    .00000     .58207        243    
q.Queue.WaitingTime                         .12912     (Insuf)    .00000     .48965        244    

                                     DISCRETE-CHANGE VARIABLES

Identifier                                  Average   Half Width  Minimum    Maximum   Final Value
___________________________________________________________________________________________________

Entity 1.WIP                                3.2114     (Corr)     .00000     11.000     2.0000    
Resource 1.NumberBusy                       .87715     (Insuf)    .00000     1.0000     1.0000    
Resource 1.NumberScheduled                  1.0000     (Insuf)    1.0000     1.0000     1.0000    
Resource 1.Utilization                      .87715     (Insuf)    .00000     1.0000     1.0000    
both.Queue.NumberInQueue                    1.2827     (Insuf)    .00000     7.0000     .00000    
q.Queue.NumberInQueue                       1.0515     (Corr)     .00000     7.0000     1.0000    

                                             OUTPUTS

Identifier                                   Value
_____________________________________________________________

Entity 1.NumberIn                           245.00    
Entity 1.NumberOut                          243.00    
Resource 1.NumberSeized                     487.00    
Resource 1.ScheduledUtilization             .87715    
System.NumberOut                            243.00    


Simulation run time: 0.18 minutes.
Simulation run complete.
